<?xml version="1.0" encoding="UTF-8"?>
<!-- Generated by org.testng.reporters.JUnitReportReporter -->
<testsuite hostname="LAPTOP-OECO8K6N" failures="0" tests="4" name="testClasses.Calculator_TestClass" time="12.118" errors="0" timestamp="2023-03-04T14:19:23 IST" skipped="0">
  <testcase classname="testClasses.Calculator_TestClass" name="TC_02_Division" time="3.230"/>
  <system-out/>
  <testcase classname="testClasses.Calculator_TestClass" name="TC_03_Addition" time="2.852"/>
  <system-out/>
  <testcase classname="testClasses.Calculator_TestClass" name="TC_01_Multiplication" time="2.967"/>
  <system-out/>
  <testcase classname="testClasses.Calculator_TestClass" name="TC_04_Subtraction" time="3.069"/>
  <system-out/>
</testsuite> <!-- testClasses.Calculator_TestClass -->
