<?xml version="1.0" encoding="UTF-8"?>
<!-- Generated by org.testng.reporters.JUnitReportReporter -->
<testsuite hostname="LAPTOP-OECO8K6N" failures="0" tests="1" name="testClasses.Test1" time="18.988" errors="0" timestamp="2023-03-03T16:09:00 IST" skipped="0">
  <testcase classname="testClasses.Test1" name="Tc_01" time="18.988"/>
  <system-out/>
</testsuite> <!-- testClasses.Test1 -->
